<?xml version="1.0" encoding="UTF-8"?>
<!-- Generated by org.testng.reporters.JUnitXMLReporter -->
<testsuite ignored="0" hostname="DESKTOP-TH63HAS" failures="0" tests="4" name="Test" time="17.255" errors="0" timestamp="2022-03-20T13:59:03 IST">
  <testcase classname="Testcases.Login_Test" name="ExternalDataTest" time="0.541"/>
  <testcase classname="Testcases.Login_Test" name="LoginSuccessTest" time="0.547"/>
  <testcase classname="Testcases.Login_Test" name="ParameterizedTest" time="0.387"/>
  <testcase classname="Testcases.Login_Test" name="LoginFailiureTest" time="0.417"/>
</testsuite> <!-- Test -->
