<?xml version="1.0" encoding="UTF-8"?>
<testng-results ignored="0" total="4" passed="4" failed="0" skipped="0">
  <reporter-output>
  </reporter-output>
  <suite started-at="2022-03-20T13:58:45 IST" name="Suite" finished-at="2022-03-20T13:59:03 IST" duration-ms="17255">
    <groups>
    </groups>
    <test started-at="2022-03-20T13:58:45 IST" name="Test" finished-at="2022-03-20T13:59:03 IST" duration-ms="17255">
      <class name="Testcases.Login_Test">
        <test-method is-config="true" signature="DataSetUP()[pri:0, instance:Testcases.Login_Test@48974e45]" started-at="2022-03-20T13:58:45 IST" name="DataSetUP" finished-at="2022-03-20T13:58:46 IST" duration-ms="880" status="PASS">
          <reporter-output>
          </reporter-output>
        </test-method> <!-- DataSetUP -->
        <test-method is-config="true" signature="Setup(java.lang.reflect.Method)[pri:0, instance:Testcases.Login_Test@48974e45]" started-at="2022-03-20T13:58:46 IST" name="Setup" finished-at="2022-03-20T13:58:50 IST" duration-ms="4290" status="PASS">
          <params>
            <param index="0">
              <value>
                <![CDATA[public void Testcases.Login_Test.ExternalDataTest()]]>
              </value>
            </param>
          </params>
          <reporter-output>
          </reporter-output>
        </test-method> <!-- Setup -->
        <test-method signature="ExternalDataTest()[pri:0, instance:Testcases.Login_Test@48974e45]" started-at="2022-03-20T13:58:50 IST" name="ExternalDataTest" finished-at="2022-03-20T13:58:51 IST" duration-ms="541" status="PASS">
          <reporter-output>
          </reporter-output>
        </test-method> <!-- ExternalDataTest -->
        <test-method is-config="true" signature="Teardown()[pri:0, instance:Testcases.Login_Test@48974e45]" started-at="2022-03-20T13:58:51 IST" name="Teardown" finished-at="2022-03-20T13:58:52 IST" duration-ms="901" status="PASS">
          <reporter-output>
          </reporter-output>
        </test-method> <!-- Teardown -->
        <test-method is-config="true" signature="Setup(java.lang.reflect.Method)[pri:0, instance:Testcases.Login_Test@48974e45]" started-at="2022-03-20T13:58:52 IST" name="Setup" finished-at="2022-03-20T13:58:54 IST" duration-ms="2090" status="PASS">
          <params>
            <param index="0">
              <value>
                <![CDATA[public void Testcases.Login_Test.LoginSuccessTest()]]>
              </value>
            </param>
          </params>
          <reporter-output>
          </reporter-output>
        </test-method> <!-- Setup -->
        <test-method signature="LoginSuccessTest()[pri:0, instance:Testcases.Login_Test@48974e45]" started-at="2022-03-20T13:58:54 IST" name="LoginSuccessTest" finished-at="2022-03-20T13:58:55 IST" duration-ms="547" status="PASS">
          <reporter-output>
          </reporter-output>
        </test-method> <!-- LoginSuccessTest -->
        <test-method is-config="true" signature="Teardown()[pri:0, instance:Testcases.Login_Test@48974e45]" started-at="2022-03-20T13:58:55 IST" name="Teardown" finished-at="2022-03-20T13:58:55 IST" duration-ms="795" status="PASS">
          <reporter-output>
          </reporter-output>
        </test-method> <!-- Teardown -->
        <test-method is-config="true" signature="Setup(java.lang.reflect.Method)[pri:0, instance:Testcases.Login_Test@48974e45]" started-at="2022-03-20T13:58:55 IST" name="Setup" finished-at="2022-03-20T13:58:58 IST" duration-ms="2236" status="PASS">
          <params>
            <param index="0">
              <value>
                <![CDATA[public void Testcases.Login_Test.ParameterizedTest(java.lang.String,java.lang.String)]]>
              </value>
            </param>
          </params>
          <reporter-output>
          </reporter-output>
        </test-method> <!-- Setup -->
        <test-method signature="ParameterizedTest(java.lang.String,java.lang.String)[pri:0, instance:Testcases.Login_Test@48974e45]" started-at="2022-03-20T13:58:58 IST" name="ParameterizedTest" finished-at="2022-03-20T13:58:58 IST" duration-ms="387" status="PASS">
          <params>
            <param index="0">
              <value>
                <![CDATA[xyz@abc.com]]>
              </value>
            </param>
            <param index="1">
              <value>
                <![CDATA[Abc@12345]]>
              </value>
            </param>
          </params>
          <reporter-output>
          </reporter-output>
        </test-method> <!-- ParameterizedTest -->
        <test-method is-config="true" signature="Teardown()[pri:0, instance:Testcases.Login_Test@48974e45]" started-at="2022-03-20T13:58:58 IST" name="Teardown" finished-at="2022-03-20T13:58:59 IST" duration-ms="799" status="PASS">
          <reporter-output>
          </reporter-output>
        </test-method> <!-- Teardown -->
        <test-method is-config="true" signature="Setup(java.lang.reflect.Method)[pri:0, instance:Testcases.Login_Test@48974e45]" started-at="2022-03-20T13:58:59 IST" name="Setup" finished-at="2022-03-20T13:59:01 IST" duration-ms="2188" status="PASS">
          <params>
            <param index="0">
              <value>
                <![CDATA[public void Testcases.Login_Test.LoginFailiureTest()]]>
              </value>
            </param>
          </params>
          <reporter-output>
          </reporter-output>
        </test-method> <!-- Setup -->
        <test-method signature="LoginFailiureTest()[pri:1, instance:Testcases.Login_Test@48974e45]" started-at="2022-03-20T13:59:01 IST" name="LoginFailiureTest" finished-at="2022-03-20T13:59:01 IST" duration-ms="417" status="PASS">
          <reporter-output>
          </reporter-output>
        </test-method> <!-- LoginFailiureTest -->
        <test-method is-config="true" signature="Teardown()[pri:0, instance:Testcases.Login_Test@48974e45]" started-at="2022-03-20T13:59:01 IST" name="Teardown" finished-at="2022-03-20T13:59:02 IST" duration-ms="819" status="PASS">
          <reporter-output>
          </reporter-output>
        </test-method> <!-- Teardown -->
        <test-method is-config="true" signature="DataTearDown()[pri:0, instance:Testcases.Login_Test@48974e45]" started-at="2022-03-20T13:59:02 IST" name="DataTearDown" finished-at="2022-03-20T13:59:03 IST" duration-ms="317" status="PASS">
          <reporter-output>
          </reporter-output>
        </test-method> <!-- DataTearDown -->
      </class> <!-- Testcases.Login_Test -->
    </test> <!-- Test -->
  </suite> <!-- Suite -->
</testng-results>
