<?xml version="1.0" encoding="UTF-8"?>
<testng-results ignored="0" total="4" passed="4" failed="0" skipped="0">
  <reporter-output>
  </reporter-output>
  <suite started-at="2022-03-20T13:31:51 IST" name="Suite" finished-at="2022-03-20T13:32:05 IST" duration-ms="14567">
    <groups>
    </groups>
    <test started-at="2022-03-20T13:31:51 IST" name="Test" finished-at="2022-03-20T13:32:05 IST" duration-ms="14567">
      <class name="Testcases.Login_Test">
        <test-method is-config="true" signature="DataSetUP()[pri:0, instance:Testcases.Login_Test@14555e0a]" started-at="2022-03-20T13:31:51 IST" name="DataSetUP" finished-at="2022-03-20T13:31:51 IST" duration-ms="564" status="PASS">
          <reporter-output>
          </reporter-output>
        </test-method> <!-- DataSetUP -->
        <test-method is-config="true" signature="Setup(java.lang.reflect.Method)[pri:0, instance:Testcases.Login_Test@14555e0a]" started-at="2022-03-20T13:31:51 IST" name="Setup" finished-at="2022-03-20T13:31:54 IST" duration-ms="2758" status="PASS">
          <params>
            <param index="0">
              <value>
                <![CDATA[public void Testcases.Login_Test.ExternalDataTest()]]>
              </value>
            </param>
          </params>
          <reporter-output>
          </reporter-output>
        </test-method> <!-- Setup -->
        <test-method signature="ExternalDataTest()[pri:0, instance:Testcases.Login_Test@14555e0a]" started-at="2022-03-20T13:31:54 IST" name="ExternalDataTest" finished-at="2022-03-20T13:31:55 IST" duration-ms="751" status="PASS">
          <reporter-output>
          </reporter-output>
        </test-method> <!-- ExternalDataTest -->
        <test-method is-config="true" signature="Teardown()[pri:0, instance:Testcases.Login_Test@14555e0a]" started-at="2022-03-20T13:31:55 IST" name="Teardown" finished-at="2022-03-20T13:31:56 IST" duration-ms="750" status="PASS">
          <reporter-output>
          </reporter-output>
        </test-method> <!-- Teardown -->
        <test-method is-config="true" signature="Setup(java.lang.reflect.Method)[pri:0, instance:Testcases.Login_Test@14555e0a]" started-at="2022-03-20T13:31:56 IST" name="Setup" finished-at="2022-03-20T13:31:57 IST" duration-ms="1837" status="PASS">
          <params>
            <param index="0">
              <value>
                <![CDATA[public void Testcases.Login_Test.LoginSuccessTest()]]>
              </value>
            </param>
          </params>
          <reporter-output>
          </reporter-output>
        </test-method> <!-- Setup -->
        <test-method signature="LoginSuccessTest()[pri:0, instance:Testcases.Login_Test@14555e0a]" started-at="2022-03-20T13:31:57 IST" name="LoginSuccessTest" finished-at="2022-03-20T13:31:58 IST" duration-ms="336" status="PASS">
          <reporter-output>
          </reporter-output>
        </test-method> <!-- LoginSuccessTest -->
        <test-method is-config="true" signature="Teardown()[pri:0, instance:Testcases.Login_Test@14555e0a]" started-at="2022-03-20T13:31:58 IST" name="Teardown" finished-at="2022-03-20T13:31:58 IST" duration-ms="672" status="PASS">
          <reporter-output>
          </reporter-output>
        </test-method> <!-- Teardown -->
        <test-method is-config="true" signature="Setup(java.lang.reflect.Method)[pri:0, instance:Testcases.Login_Test@14555e0a]" started-at="2022-03-20T13:31:58 IST" name="Setup" finished-at="2022-03-20T13:32:00 IST" duration-ms="1745" status="PASS">
          <params>
            <param index="0">
              <value>
                <![CDATA[public void Testcases.Login_Test.ParameterizedTest(java.lang.String,java.lang.String)]]>
              </value>
            </param>
          </params>
          <reporter-output>
          </reporter-output>
        </test-method> <!-- Setup -->
        <test-method signature="ParameterizedTest(java.lang.String,java.lang.String)[pri:0, instance:Testcases.Login_Test@14555e0a]" started-at="2022-03-20T13:32:00 IST" name="ParameterizedTest" finished-at="2022-03-20T13:32:01 IST" duration-ms="366" status="PASS">
          <params>
            <param index="0">
              <value>
                <![CDATA[xyz@abc.com]]>
              </value>
            </param>
            <param index="1">
              <value>
                <![CDATA[Abc@12345]]>
              </value>
            </param>
          </params>
          <reporter-output>
          </reporter-output>
        </test-method> <!-- ParameterizedTest -->
        <test-method is-config="true" signature="Teardown()[pri:0, instance:Testcases.Login_Test@14555e0a]" started-at="2022-03-20T13:32:01 IST" name="Teardown" finished-at="2022-03-20T13:32:01 IST" duration-ms="740" status="PASS">
          <reporter-output>
          </reporter-output>
        </test-method> <!-- Teardown -->
        <test-method is-config="true" signature="Setup(java.lang.reflect.Method)[pri:0, instance:Testcases.Login_Test@14555e0a]" started-at="2022-03-20T13:32:01 IST" name="Setup" finished-at="2022-03-20T13:32:03 IST" duration-ms="2095" status="PASS">
          <params>
            <param index="0">
              <value>
                <![CDATA[public void Testcases.Login_Test.LoginFailiureTest()]]>
              </value>
            </param>
          </params>
          <reporter-output>
          </reporter-output>
        </test-method> <!-- Setup -->
        <test-method signature="LoginFailiureTest()[pri:1, instance:Testcases.Login_Test@14555e0a]" started-at="2022-03-20T13:32:03 IST" name="LoginFailiureTest" finished-at="2022-03-20T13:32:04 IST" duration-ms="589" status="PASS">
          <reporter-output>
          </reporter-output>
        </test-method> <!-- LoginFailiureTest -->
        <test-method is-config="true" signature="Teardown()[pri:0, instance:Testcases.Login_Test@14555e0a]" started-at="2022-03-20T13:32:04 IST" name="Teardown" finished-at="2022-03-20T13:32:05 IST" duration-ms="792" status="PASS">
          <reporter-output>
          </reporter-output>
        </test-method> <!-- Teardown -->
        <test-method is-config="true" signature="DataTearDown()[pri:0, instance:Testcases.Login_Test@14555e0a]" started-at="2022-03-20T13:32:05 IST" name="DataTearDown" finished-at="2022-03-20T13:32:05 IST" duration-ms="527" status="PASS">
          <reporter-output>
          </reporter-output>
        </test-method> <!-- DataTearDown -->
      </class> <!-- Testcases.Login_Test -->
    </test> <!-- Test -->
  </suite> <!-- Suite -->
</testng-results>
